2025-01-07 02:03:01,343 - INFO - Removing order line: order_lineID=None
2025-01-07 02:03:01,344 - ERROR - Missing order_lineID in remove_order_line
2025-01-07 02:03:01,354 - INFO - Database connection closed in remove_order_line
2025-01-07 02:05:56,036 - INFO - Removing order line: order_lineID=5
2025-01-07 02:05:56,076 - INFO - Order line removed successfully: order_lineID=5
2025-01-07 02:05:56,088 - INFO - Database connection closed in remove_order_line
2025-01-07 02:06:12,233 - INFO - Removing order line: order_lineID=8
2025-01-07 02:06:12,273 - INFO - Order line removed successfully: order_lineID=8
2025-01-07 02:06:12,283 - INFO - Database connection closed in remove_order_line
2025-01-07 02:13:27,232 - INFO - Updating order line: order_lineID=6, quantity=35
2025-01-07 02:13:27,295 - INFO - Order line updated successfully: order_lineID=6, quantity=35
2025-01-07 02:13:27,305 - INFO - Database connection closed in update_order_line
2025-01-07 02:13:27,703 - INFO - Updating order line: order_lineID=6, quantity=36
2025-01-07 02:13:27,761 - INFO - Order line updated successfully: order_lineID=6, quantity=36
2025-01-07 02:13:27,771 - INFO - Database connection closed in update_order_line
2025-01-07 02:13:28,444 - INFO - Updating order line: order_lineID=6, quantity=37
2025-01-07 02:13:28,500 - INFO - Order line updated successfully: order_lineID=6, quantity=37
2025-01-07 02:13:28,510 - INFO - Database connection closed in update_order_line
2025-01-07 02:13:29,791 - INFO - Updating order line: order_lineID=6, quantity=38
2025-01-07 02:13:29,848 - INFO - Order line updated successfully: order_lineID=6, quantity=38
2025-01-07 02:13:29,858 - INFO - Database connection closed in update_order_line
2025-01-07 02:13:30,916 - INFO - Updating order line: order_lineID=6, quantity=39
2025-01-07 02:13:30,975 - INFO - Order line updated successfully: order_lineID=6, quantity=39
2025-01-07 02:13:30,987 - INFO - Database connection closed in update_order_line
2025-01-07 02:13:33,877 - INFO - Updating order line: order_lineID=6, quantity=40
2025-01-07 02:13:33,937 - INFO - Order line updated successfully: order_lineID=6, quantity=40
2025-01-07 02:13:33,947 - INFO - Database connection closed in update_order_line
2025-01-07 02:15:31,054 - INFO - Clearing cart for orderID: 20
2025-01-07 02:15:31,090 - INFO - Cart cleared successfully for orderID: 20
2025-01-07 02:15:31,099 - INFO - Database connection closed in clear_cart
2025-01-07 02:15:31,222 - WARNING - No items found in cart for OrderID: 20
2025-01-07 02:15:32,861 - INFO - Clearing cart for orderID: 20
2025-01-07 02:15:32,890 - INFO - Cart cleared successfully for orderID: 20
2025-01-07 02:15:32,901 - INFO - Database connection closed in clear_cart
2025-01-07 02:15:33,015 - WARNING - No items found in cart for OrderID: 20
2025-01-07 02:15:34,187 - INFO - Clearing cart for orderID: 20
2025-01-07 02:15:34,219 - INFO - Cart cleared successfully for orderID: 20
2025-01-07 02:15:34,230 - INFO - Database connection closed in clear_cart
2025-01-07 02:15:34,365 - INFO - Clearing cart for orderID: 20
2025-01-07 02:15:34,376 - WARNING - No items found in cart for OrderID: 20
2025-01-07 02:15:34,396 - INFO - Cart cleared successfully for orderID: 20
2025-01-07 02:15:34,407 - INFO - Database connection closed in clear_cart
2025-01-07 02:15:34,527 - INFO - Clearing cart for orderID: 20
2025-01-07 02:15:34,547 - WARNING - No items found in cart for OrderID: 20
2025-01-07 02:15:34,568 - INFO - Cart cleared successfully for orderID: 20
2025-01-07 02:15:34,578 - INFO - Database connection closed in clear_cart
2025-01-07 02:15:34,638 - INFO - Clearing cart for orderID: 20
2025-01-07 02:15:34,667 - INFO - Cart cleared successfully for orderID: 20
2025-01-07 02:15:34,707 - INFO - Database connection closed in clear_cart
2025-01-07 02:15:34,716 - WARNING - No items found in cart for OrderID: 20
2025-01-07 02:15:34,832 - WARNING - No items found in cart for OrderID: 20
2025-01-07 02:16:11,367 - WARNING - No items found in cart for OrderID: 20
2025-01-07 02:16:13,409 - WARNING - No items found in cart for OrderID: 20
2025-01-07 02:16:29,402 - WARNING - No items found in cart for OrderID: 20
2025-01-07 02:16:31,327 - WARNING - No items found in cart for OrderID: 20
2025-01-07 02:16:37,477 - INFO - Adding order line: orderID=20, productID=2, quantity=23
2025-01-07 02:16:37,537 - INFO - Order line added successfully: orderID=20, productID=2, quantity=23
2025-01-07 02:16:46,786 - INFO - Adding order line: orderID=20, productID=3, quantity=23
2025-01-07 02:16:46,839 - INFO - Order line added successfully: orderID=20, productID=3, quantity=23
2025-01-07 02:39:58,890 - ERROR -  A critical error has occurred in  cart(): Unread result found 
2025-01-07 02:40:23,934 - ERROR -  A critical error has occurred in  cart(): Unread result found 
2025-01-07 02:50:21,100 - INFO - Cancelling cart for orderID: 20
2025-01-07 02:50:21,149 - INFO - Cart and order cancelled successfully for orderID: 20
2025-01-07 02:50:21,160 - INFO - Database connection closed in cancel_cart
2025-01-07 02:50:25,897 - ERROR - No order found in session in get_cart
2025-01-07 02:50:29,660 - ERROR - No order found in session in get_cart
2025-01-07 02:51:56,338 - ERROR - No order found in session in get_cart
2025-01-07 02:52:31,625 - ERROR - No order found in session in get_cart
2025-01-07 02:52:34,472 - ERROR - No order found in session in get_cart
2025-01-07 02:52:35,294 - ERROR - No order found in session in get_cart
2025-01-07 02:52:35,975 - ERROR - No order found in session in get_cart
2025-01-07 02:53:03,145 - ERROR - No order found in session in get_cart
2025-01-07 02:53:03,935 - ERROR - No order found in session in get_cart
2025-01-07 02:53:11,487 - WARNING - No order found in session
2025-01-07 02:53:11,651 - INFO - Order created successfully: OrderID=21, CustomerID=1
2025-01-07 02:53:15,245 - WARNING - No items found in cart for OrderID: 21
2025-01-07 02:53:28,750 - WARNING - No items found in cart for OrderID: 21
2025-01-07 02:53:56,458 - WARNING - No items found in cart for OrderID: 21
2025-01-07 02:53:58,654 - INFO - Cancelling cart for orderID: 21
2025-01-07 02:53:58,707 - INFO - Cart and order cancelled successfully for orderID: 21
2025-01-07 02:53:58,717 - INFO - Database connection closed in cancel_cart
2025-01-07 02:53:59,905 - ERROR - No order found in session in get_cart
2025-01-07 02:54:02,862 - ERROR - No order found in session in get_cart
2025-01-07 02:54:54,592 - ERROR - No order found in session in get_cart
2025-01-07 02:55:07,699 - WARNING - No order found in session
2025-01-07 02:55:07,836 - INFO - Order created successfully: OrderID=22, CustomerID=3
2025-01-07 02:55:12,396 - WARNING - No items found in cart for OrderID: 22
2025-01-07 02:55:24,688 - INFO - Adding order line: orderID=22, productID=2, quantity=60
2025-01-07 02:55:24,749 - INFO - Order line added successfully: orderID=22, productID=2, quantity=60
2025-01-07 02:56:32,649 - INFO - Cancelling cart for orderID: 22
2025-01-07 02:56:32,714 - INFO - Cart and order cancelled successfully for orderID: 22
2025-01-07 02:56:32,724 - INFO - Database connection closed in cancel_cart
2025-01-07 02:56:34,269 - ERROR - No order found in session in get_cart
2025-01-07 02:57:00,776 - ERROR - No order found in session in get_cart
2025-01-07 02:57:03,994 - ERROR - No order found in session in get_cart
2025-01-07 02:57:04,571 - ERROR - No order found in session in get_cart
2025-01-07 02:57:05,020 - ERROR - No order found in session in get_cart
2025-01-07 03:13:41,502 - ERROR - No order found in session in get_cart
2025-01-07 03:14:02,179 - WARNING - No order found in session
2025-01-07 03:14:02,326 - INFO - Order created successfully: OrderID=24, CustomerID=2
2025-01-07 03:14:05,304 - ERROR - Error in get_cart: 1064 (42000): You have an error in your SQL syntax; check the manual that corresponds to your MySQL server version for the right syntax to use near '.discount
            FROM order_lines o
            INNER JOIN products p ON p.' at line 1, OrderID: 24
2025-01-07 03:14:17,007 - INFO - Adding order line: orderID=24, productID=2, quantity=2
2025-01-07 03:14:17,063 - INFO - Order line added successfully: orderID=24, productID=2, quantity=2
2025-01-07 03:14:19,894 - ERROR - Error in get_cart: 1064 (42000): You have an error in your SQL syntax; check the manual that corresponds to your MySQL server version for the right syntax to use near '.discount
            FROM order_lines o
            INNER JOIN products p ON p.' at line 1, OrderID: 24
2025-01-07 03:14:23,313 - ERROR - Error in get_cart: 1064 (42000): You have an error in your SQL syntax; check the manual that corresponds to your MySQL server version for the right syntax to use near '.discount
            FROM order_lines o
            INNER JOIN products p ON p.' at line 1, OrderID: 24
2025-01-07 03:14:28,902 - INFO - Adding order line: orderID=24, productID=2, quantity=4
2025-01-07 03:14:28,958 - INFO - Order line updated successfully for orderID: 24, productID: 2
2025-01-07 03:14:32,257 - ERROR - Error in get_cart: 1064 (42000): You have an error in your SQL syntax; check the manual that corresponds to your MySQL server version for the right syntax to use near '.discount
            FROM order_lines o
            INNER JOIN products p ON p.' at line 1, OrderID: 24
2025-01-07 03:16:05,251 - ERROR - Error in get_cart: 'discount', OrderID: 24
2025-01-07 03:17:02,728 - ERROR - Error in get_cart: 'discount', OrderID: 24
2025-01-07 03:17:06,928 - ERROR - Error in get_cart: 'discount', OrderID: 24
2025-01-07 03:17:48,479 - ERROR - Error in get_cart: 0, OrderID: 24
2025-01-07 03:18:01,068 - ERROR - Error in get_cart: 0, OrderID: 24
2025-01-07 03:18:14,293 - ERROR - Error in get_cart: 0, OrderID: 24
2025-01-07 03:19:21,928 - INFO - Adding order line: orderID=24, productID=2, quantity=2
2025-01-07 03:19:21,983 - INFO - Order line updated successfully for orderID: 24, productID: 2
2025-01-07 03:24:12,216 - INFO - Updating order line: order_lineID=12, quantity=9
2025-01-07 03:24:12,274 - INFO - Order line updated successfully: order_lineID=12, quantity=9
2025-01-07 03:24:12,283 - INFO - Database connection closed in update_order_line
2025-01-07 03:24:12,966 - INFO - Updating order line: order_lineID=12, quantity=10
2025-01-07 03:24:13,024 - INFO - Order line updated successfully: order_lineID=12, quantity=10
2025-01-07 03:24:13,034 - INFO - Database connection closed in update_order_line
2025-01-07 03:24:13,636 - INFO - Updating order line: order_lineID=12, quantity=11
2025-01-07 03:24:13,699 - INFO - Order line updated successfully: order_lineID=12, quantity=11
2025-01-07 03:24:13,711 - INFO - Database connection closed in update_order_line
2025-01-07 03:24:14,268 - INFO - Updating order line: order_lineID=12, quantity=12
2025-01-07 03:24:14,321 - INFO - Order line updated successfully: order_lineID=12, quantity=12
2025-01-07 03:24:14,331 - INFO - Database connection closed in update_order_line
2025-01-07 03:24:14,876 - INFO - Updating order line: order_lineID=12, quantity=13
2025-01-07 03:24:14,934 - INFO - Order line updated successfully: order_lineID=12, quantity=13
2025-01-07 03:24:14,944 - INFO - Database connection closed in update_order_line
2025-01-07 03:24:15,077 - INFO - Updating order line: order_lineID=12, quantity=14
2025-01-07 03:24:15,129 - INFO - Order line updated successfully: order_lineID=12, quantity=14
2025-01-07 03:24:15,138 - INFO - Database connection closed in update_order_line
2025-01-07 03:24:15,199 - INFO - Updating order line: order_lineID=12, quantity=15
2025-01-07 03:24:15,278 - INFO - Order line updated successfully: order_lineID=12, quantity=15
2025-01-07 03:24:15,288 - INFO - Database connection closed in update_order_line
2025-01-07 03:24:15,377 - INFO - Updating order line: order_lineID=12, quantity=14
2025-01-07 03:24:15,466 - INFO - Order line updated successfully: order_lineID=12, quantity=14
2025-01-07 03:24:15,476 - INFO - Database connection closed in update_order_line
2025-01-07 03:24:15,556 - INFO - Updating order line: order_lineID=12, quantity=15
2025-01-07 03:24:15,638 - INFO - Order line updated successfully: order_lineID=12, quantity=15
2025-01-07 03:24:15,648 - INFO - Database connection closed in update_order_line
2025-01-07 03:24:15,702 - INFO - Updating order line: order_lineID=12, quantity=16
2025-01-07 03:24:15,773 - INFO - Order line updated successfully: order_lineID=12, quantity=16
2025-01-07 03:24:15,783 - INFO - Database connection closed in update_order_line
2025-01-07 03:24:29,512 - INFO - Updating order line: order_lineID=12, quantity=220
2025-01-07 03:24:29,575 - INFO - Order line updated successfully: order_lineID=12, quantity=220
2025-01-07 03:24:29,586 - INFO - Database connection closed in update_order_line
2025-01-07 03:24:42,073 - INFO - Updating order line: order_lineID=12, quantity=300
2025-01-07 03:24:42,130 - INFO - Order line updated successfully: order_lineID=12, quantity=300
2025-01-07 03:24:42,140 - INFO - Database connection closed in update_order_line
2025-01-07 18:05:17,734 - INFO - Updating order line: order_lineID=12, quantity=299
2025-01-07 18:05:17,794 - INFO - Order line updated successfully: order_lineID=12, quantity=299
2025-01-07 18:05:17,804 - INFO - Database connection closed in update_order_line
2025-01-07 18:05:17,954 - INFO - Updating order line: order_lineID=12, quantity=298
2025-01-07 18:05:18,014 - INFO - Order line updated successfully: order_lineID=12, quantity=298
2025-01-07 18:05:18,025 - INFO - Database connection closed in update_order_line
2025-01-07 18:05:18,067 - INFO - Updating order line: order_lineID=12, quantity=297
2025-01-07 18:05:18,140 - INFO - Order line updated successfully: order_lineID=12, quantity=297
2025-01-07 18:05:18,173 - INFO - Database connection closed in update_order_line
2025-01-07 18:05:18,297 - INFO - Updating order line: order_lineID=12, quantity=298
2025-01-07 18:05:18,371 - INFO - Order line updated successfully: order_lineID=12, quantity=298
2025-01-07 18:05:18,381 - INFO - Database connection closed in update_order_line
2025-01-07 18:05:21,506 - INFO - Updating order line: order_lineID=12, quantity=266
2025-01-07 18:05:21,562 - INFO - Order line updated successfully: order_lineID=12, quantity=266
2025-01-07 18:05:21,573 - INFO - Database connection closed in update_order_line
2025-01-07 18:05:48,068 - INFO - Updating order line: order_lineID=12, quantity=600
2025-01-07 18:05:48,099 - ERROR - Requested quantity exceeds stock for productID: 2
2025-01-07 18:05:48,109 - INFO - Database connection closed in update_order_line
2025-01-07 18:06:20,762 - INFO - Updating order line: order_lineID=12, quantity=800
2025-01-07 18:06:20,793 - ERROR - Requested quantity exceeds stock for productID: 2
2025-01-07 18:06:20,804 - INFO - Database connection closed in update_order_line
2025-01-07 18:06:30,702 - INFO - Updating order line: order_lineID=12, quantity=600
2025-01-07 18:06:30,734 - ERROR - Requested quantity exceeds stock for productID: 2
2025-01-07 18:06:30,750 - INFO - Database connection closed in update_order_line
2025-01-07 18:06:46,754 - INFO - Updating order line: order_lineID=12, quantity=500
2025-01-07 18:06:46,782 - ERROR - Requested quantity exceeds stock for productID: 2
2025-01-07 18:06:46,792 - INFO - Database connection closed in update_order_line
2025-01-07 18:06:52,383 - INFO - Updating order line: order_lineID=12, quantity=300
2025-01-07 18:06:52,441 - INFO - Order line updated successfully: order_lineID=12, quantity=300
2025-01-07 18:06:52,452 - INFO - Database connection closed in update_order_line
2025-01-07 18:08:50,801 - INFO - Adding order line: orderID=24, productID=2, quantity=300
2025-01-07 18:08:50,829 - WARNING - Updating quantity to stock limit for productID: 2
2025-01-07 18:08:50,848 - INFO - Order line updated successfully for orderID: 24, productID: 2
2025-01-07 18:09:03,261 - INFO - Updating order line: order_lineID=12, quantity=200
2025-01-07 18:09:03,319 - INFO - Order line updated successfully: order_lineID=12, quantity=200
2025-01-07 18:09:03,329 - INFO - Database connection closed in update_order_line
2025-01-07 18:09:39,968 - INFO - Adding order line: orderID=24, productID=1, quantity=600
2025-01-07 18:09:39,988 - ERROR - Requested quantity exceeds stock for productID: 1
2025-01-07 18:09:58,381 - INFO - Adding order line: orderID=24, productID=1, quantity=200
2025-01-07 18:09:58,409 - INFO - Adding order line: orderID=24, productID=1, quantity=200
2025-01-07 18:09:58,454 - INFO - Order line added successfully: orderID=24, productID=1, quantity=200
2025-01-07 18:09:58,481 - INFO - Order line added successfully: orderID=24, productID=1, quantity=200
2025-01-07 18:15:27,994 - INFO - Removing order line: order_lineID=14
2025-01-07 18:15:28,034 - INFO - Order line removed successfully: order_lineID=14
2025-01-07 18:15:28,044 - INFO - Database connection closed in remove_order_line
2025-01-07 18:15:33,491 - INFO - Updating order line: order_lineID=13, quantity=219
2025-01-07 18:15:33,558 - INFO - Order line updated successfully: order_lineID=13, quantity=219
2025-01-07 18:15:33,568 - INFO - Database connection closed in update_order_line
2025-01-07 18:16:06,669 - INFO - Cancelling cart for orderID: 24
2025-01-07 18:16:06,719 - INFO - Cart and order cancelled successfully for orderID: 24
2025-01-07 18:16:06,731 - INFO - Database connection closed in cancel_cart
2025-01-07 18:16:08,040 - ERROR - No order found in session in get_cart
2025-01-07 18:16:28,386 - ERROR - No order found in session in get_cart
2025-01-07 18:42:05,705 - WARNING - No order found in session
2025-01-07 18:42:05,857 - INFO - Order created successfully: OrderID=25, CustomerID=1
2025-01-07 18:42:07,804 - WARNING - No items found in cart for OrderID: 25
2025-01-07 18:42:13,778 - INFO - Adding order line: orderID=25, productID=1, quantity=200
2025-01-07 18:42:13,838 - INFO - Order line added successfully: orderID=25, productID=1, quantity=200
2025-01-07 18:42:21,582 - INFO - Adding order line: orderID=25, productID=1, quantity=300
2025-01-07 18:42:21,642 - INFO - Order line updated successfully for orderID: 25, productID: 1
2025-01-07 18:44:28,960 - ERROR - Error in api_order: 1054 (42S22): Unknown column 'making' in 'where clause', Request Data: ImmutableMultiDict([('draw', '1'), ('columns[0][data]', 'orderID'), ('columns[0][name]', ''), ('columns[0][searchable]', 'true'), ('columns[0][orderable]', 'false'), ('columns[0][search][value]', ''), ('columns[0][search][regex]', 'false'), ('columns[1][data]', 'name'), ('columns[1][name]', ''), ('columns[1][searchable]', 'true'), ('columns[1][orderable]', 'false'), ('columns[1][search][value]', ''), ('columns[1][search][regex]', 'false'), ('columns[2][data]', 'email'), ('columns[2][name]', ''), ('columns[2][searchable]', 'true'), ('columns[2][orderable]', 'false'), ('columns[2][search][value]', ''), ('columns[2][search][regex]', 'false'), ('columns[3][data]', 'status'), ('columns[3][name]', ''), ('columns[3][searchable]', 'true'), ('columns[3][orderable]', 'false'), ('columns[3][search][value]', ''), ('columns[3][search][regex]', 'false'), ('columns[4][data]', 'date'), ('columns[4][name]', ''), ('columns[4][searchable]', 'true'), ('columns[4][orderable]', 'false'), ('columns[4][search][value]', ''), ('columns[4][search][regex]', 'false'), ('columns[5][data]', ''), ('columns[5][name]', ''), ('columns[5][searchable]', 'false'), ('columns[5][orderable]', 'false'), ('columns[5][search][value]', ''), ('columns[5][search][regex]', 'false'), ('start', '0'), ('length', '10'), ('search[value]', ''), ('search[regex]', 'false')])
2025-01-07 19:49:20,004 - INFO - Cancelling cart for orderID: 25
2025-01-07 19:49:20,049 - INFO - Cart and order cancelled successfully for orderID: 25
2025-01-07 19:49:20,059 - INFO - Database connection closed in cancel_cart
2025-01-07 19:49:21,231 - ERROR - No order found in session in get_cart
2025-01-07 19:49:28,681 - WARNING - No order found in session
2025-01-07 19:49:28,841 - INFO - Order created successfully: OrderID=26, CustomerID=2
2025-01-07 19:49:32,909 - WARNING - No items found in cart for OrderID: 26
2025-01-07 19:49:42,704 - INFO - Adding order line: orderID=26, productID=8, quantity=20
2025-01-07 19:49:42,763 - INFO - Order line added successfully: orderID=26, productID=8, quantity=20
2025-01-07 19:49:49,256 - INFO - Updating order line: order_lineID=16, quantity=31
2025-01-07 19:49:49,315 - INFO - Order line updated successfully: order_lineID=16, quantity=31
2025-01-07 19:49:49,324 - INFO - Database connection closed in update_order_line
2025-01-07 19:49:59,332 - INFO - Clearing cart for orderID: 26
2025-01-07 19:49:59,367 - INFO - Cart cleared successfully for orderID: 26
2025-01-07 19:49:59,377 - INFO - Database connection closed in clear_cart
2025-01-07 19:49:59,506 - WARNING - No items found in cart for OrderID: 26
2025-01-07 19:50:02,963 - WARNING - No items found in cart for OrderID: 26
2025-01-07 19:51:06,468 - INFO - Adding order line: orderID=26, productID=2, quantity=23
2025-01-07 19:51:06,525 - INFO - Order line added successfully: orderID=26, productID=2, quantity=23
2025-01-07 19:51:12,707 - INFO - Clearing cart for orderID: 26
2025-01-07 19:51:12,747 - INFO - Cart cleared successfully for orderID: 26
2025-01-07 19:51:12,759 - INFO - Database connection closed in clear_cart
2025-01-07 19:51:13,039 - WARNING - No items found in cart for OrderID: 26
2025-01-07 19:52:47,054 - WARNING - No items found in cart for OrderID: 26
2025-01-07 19:57:57,838 - WARNING - No items found in cart for OrderID: 26
2025-01-07 20:08:02,169 - WARNING - No items found in cart for OrderID: 26
2025-01-07 20:08:07,460 - WARNING - No items found in cart for OrderID: 26
2025-01-07 20:11:26,674 - ERROR - Error in api_order: 1064 (42000): You have an error in your SQL syntax; check the manual that corresponds to your MySQL server version for the right syntax to use near 'WHERE o.status != 'making'' at line 5, Request Data: ImmutableMultiDict([('draw', '1'), ('columns[0][data]', 'orderID'), ('columns[0][name]', ''), ('columns[0][searchable]', 'true'), ('columns[0][orderable]', 'false'), ('columns[0][search][value]', ''), ('columns[0][search][regex]', 'false'), ('columns[1][data]', 'name'), ('columns[1][name]', ''), ('columns[1][searchable]', 'true'), ('columns[1][orderable]', 'false'), ('columns[1][search][value]', ''), ('columns[1][search][regex]', 'false'), ('columns[2][data]', 'email'), ('columns[2][name]', ''), ('columns[2][searchable]', 'true'), ('columns[2][orderable]', 'false'), ('columns[2][search][value]', ''), ('columns[2][search][regex]', 'false'), ('columns[3][data]', 'status'), ('columns[3][name]', ''), ('columns[3][searchable]', 'true'), ('columns[3][orderable]', 'false'), ('columns[3][search][value]', ''), ('columns[3][search][regex]', 'false'), ('columns[4][data]', 'date'), ('columns[4][name]', ''), ('columns[4][searchable]', 'true'), ('columns[4][orderable]', 'false'), ('columns[4][search][value]', ''), ('columns[4][search][regex]', 'false'), ('columns[5][data]', ''), ('columns[5][name]', ''), ('columns[5][searchable]', 'false'), ('columns[5][orderable]', 'false'), ('columns[5][search][value]', ''), ('columns[5][search][regex]', 'false'), ('start', '0'), ('length', '10'), ('search[value]', ''), ('search[regex]', 'false')])
2025-01-07 20:26:12,400 - WARNING - No items found in cart for OrderID: 26
2025-01-07 21:27:31,315 - INFO - Adding order line: orderID=26, productID=2, quantity=32
2025-01-07 21:27:31,373 - INFO - Order line added successfully: orderID=26, productID=2, quantity=32
2025-01-07 21:31:53,687 - ERROR - No order found in session in get_cart
2025-01-07 21:33:58,097 - WARNING - No order found in session
2025-01-07 21:33:58,235 - INFO - Order created successfully: OrderID=27, CustomerID=1
2025-01-07 21:34:00,967 - WARNING - No items found in cart for OrderID: 27
2025-01-07 21:34:04,470 - INFO - Adding order line: orderID=27, productID=2, quantity=23
2025-01-07 21:34:04,525 - INFO - Order line added successfully: orderID=27, productID=2, quantity=23
2025-01-07 21:34:32,266 - ERROR - No order found in session in get_cart
2025-01-07 21:39:55,879 - WARNING - No order found in session
2025-01-07 21:39:56,028 - INFO - Order created successfully: OrderID=28, CustomerID=1
2025-01-07 21:39:58,765 - WARNING - No items found in cart for OrderID: 28
2025-01-07 21:40:02,222 - INFO - Adding order line: orderID=28, productID=2, quantity=23
2025-01-07 21:40:02,283 - INFO - Order line added successfully: orderID=28, productID=2, quantity=23
2025-01-07 21:40:16,008 - ERROR - No order found in session in get_cart
2025-01-07 21:45:04,445 - WARNING - No order found in session
2025-01-07 21:45:04,584 - INFO - Order created successfully: OrderID=29, CustomerID=1
2025-01-07 21:45:10,577 - INFO - Adding order line: orderID=29, productID=3, quantity=23
2025-01-07 21:45:10,634 - INFO - Order line added successfully: orderID=29, productID=3, quantity=23
2025-01-07 21:45:31,829 - ERROR - No order found in session in get_cart
2025-01-07 21:46:35,447 - WARNING - No order found in session
2025-01-07 21:46:35,593 - INFO - Order created successfully: OrderID=30, CustomerID=1
2025-01-07 21:46:40,405 - INFO - Adding order line: orderID=30, productID=3, quantity=23
2025-01-07 21:46:40,468 - INFO - Order line added successfully: orderID=30, productID=3, quantity=23
2025-01-07 21:46:59,695 - ERROR - No order found in session in get_cart
2025-01-07 21:49:15,730 - WARNING - No order found in session
2025-01-07 21:49:15,875 - INFO - Order created successfully: OrderID=31, CustomerID=2
2025-01-07 21:49:19,798 - INFO - Adding order line: orderID=31, productID=3, quantity=23
2025-01-07 21:49:19,857 - INFO - Order line added successfully: orderID=31, productID=3, quantity=23
2025-01-07 21:49:33,568 - ERROR - No order found in session in get_cart
2025-01-07 21:49:53,810 - WARNING - No order found in session
2025-01-07 21:49:53,949 - INFO - Order created successfully: OrderID=32, CustomerID=2
2025-01-07 21:49:58,008 - INFO - Adding order line: orderID=32, productID=3, quantity=12
2025-01-07 21:49:58,074 - INFO - Order line added successfully: orderID=32, productID=3, quantity=12
2025-01-07 21:50:12,474 - ERROR - No order found in session in get_cart
2025-01-07 21:51:42,348 - WARNING - No order found in session
2025-01-07 21:51:42,493 - INFO - Order created successfully: OrderID=33, CustomerID=1
2025-01-07 21:51:45,457 - WARNING - No items found in cart for OrderID: 33
2025-01-07 21:51:50,106 - INFO - Adding order line: orderID=33, productID=3, quantity=12
2025-01-07 21:51:50,166 - INFO - Order line added successfully: orderID=33, productID=3, quantity=12
2025-01-07 21:52:09,946 - ERROR - No order found in session in get_cart
2025-01-07 21:55:08,622 - ERROR - No order found in session in get_cart
2025-01-07 21:55:13,906 - ERROR - No order found in session in get_cart
2025-01-07 21:58:28,579 - WARNING - No order found in session
2025-01-07 21:58:28,709 - INFO - Order created successfully: OrderID=34, CustomerID=1
2025-01-07 21:58:37,924 - INFO - Adding order line: orderID=34, productID=1, quantity=50
2025-01-07 21:58:37,987 - INFO - Order line added successfully: orderID=34, productID=1, quantity=50
2025-01-07 21:58:52,484 - ERROR - No order found in session in get_cart
2025-01-07 22:00:15,398 - ERROR - No order found in session in get_cart
2025-01-07 22:01:49,343 - WARNING - No order found in session
2025-01-07 22:01:49,490 - INFO - Order created successfully: OrderID=35, CustomerID=1
2025-01-07 22:01:55,318 - INFO - Adding order line: orderID=35, productID=3, quantity=20
2025-01-07 22:01:55,373 - INFO - Order line added successfully: orderID=35, productID=3, quantity=20
2025-01-07 22:03:46,982 - INFO - Removing order line: order_lineID=27
2025-01-07 22:03:47,023 - INFO - Order line removed successfully: order_lineID=27
2025-01-07 22:03:47,034 - INFO - Database connection closed in remove_order_line
2025-01-07 22:03:48,351 - WARNING - No items found in cart for OrderID: 35
2025-01-07 22:04:24,911 - WARNING - No items found in cart for OrderID: 35
2025-01-07 22:04:42,754 - WARNING - No items found in cart for OrderID: 35
2025-01-07 22:05:35,499 - WARNING - No items found in cart for OrderID: 35
2025-01-07 22:06:10,735 - INFO - Cancelling cart for orderID: 35
2025-01-07 22:06:10,784 - INFO - Cart and order cancelled successfully for orderID: 35
2025-01-07 22:06:10,795 - INFO - Database connection closed in cancel_cart
2025-01-07 22:06:12,074 - ERROR - No order found in session in get_cart
2025-01-07 22:08:12,383 - ERROR - No order found in session in get_cart
2025-01-07 22:08:21,446 - WARNING - No order found in session
2025-01-07 22:08:21,586 - INFO - Order created successfully: OrderID=36, CustomerID=1
2025-01-07 22:08:23,648 - WARNING - No items found in cart for OrderID: 36
2025-01-07 22:12:28,870 - WARNING - No items found in cart for OrderID: 36
2025-01-07 22:12:32,323 - WARNING - No items found in cart for OrderID: 36
2025-01-07 22:12:38,576 - INFO - Adding order line: orderID=36, productID=1, quantity=32
2025-01-07 22:12:38,632 - INFO - Order line added successfully: orderID=36, productID=1, quantity=32
2025-01-07 23:33:14,483 - INFO - Updating order line: order_lineID=28, quantity=33
2025-01-07 23:33:14,540 - INFO - Order line updated successfully: order_lineID=28, quantity=33
2025-01-07 23:33:14,550 - INFO - Database connection closed in update_order_line
2025-01-07 23:33:17,940 - INFO - Updating order line: order_lineID=28, quantity=44
2025-01-07 23:33:17,999 - INFO - Order line updated successfully: order_lineID=28, quantity=44
2025-01-07 23:33:18,010 - INFO - Database connection closed in update_order_line
2025-01-07 23:33:24,205 - INFO - Updating order line: order_lineID=28, quantity=50
2025-01-07 23:33:24,261 - INFO - Order line updated successfully: order_lineID=28, quantity=50
2025-01-07 23:33:24,270 - INFO - Database connection closed in update_order_line
2025-01-07 23:35:16,467 - INFO - Updating order line: order_lineID=28, quantity=1
2025-01-07 23:35:16,526 - INFO - Order line updated successfully: order_lineID=28, quantity=1
2025-01-07 23:35:16,536 - INFO - Database connection closed in update_order_line
2025-01-07 23:35:27,322 - ERROR - No order found in session in get_cart
2025-01-08 00:01:02,664 - WARNING - No order found in session
2025-01-08 00:01:02,816 - INFO - Order created successfully: OrderID=37, CustomerID=1
2025-01-08 00:01:06,675 - WARNING - No items found in cart for OrderID: 37
2025-01-08 00:01:07,727 - INFO - Cancelling cart for orderID: 37
2025-01-08 00:01:07,779 - INFO - Cart and order cancelled successfully for orderID: 37
2025-01-08 00:01:07,789 - INFO - Database connection closed in cancel_cart
2025-01-08 00:01:08,926 - ERROR - No order found in session in get_cart
2025-01-08 00:01:13,424 - WARNING - No order found in session
2025-01-08 00:01:13,556 - INFO - Order created successfully: OrderID=38, CustomerID=1
2025-01-08 00:01:19,869 - INFO - Adding order line: orderID=38, productID=3, quantity=1
2025-01-08 00:01:19,925 - INFO - Order line added successfully: orderID=38, productID=3, quantity=1
2025-01-08 00:01:28,585 - INFO - Adding order line: orderID=38, productID=2, quantity=6
2025-01-08 00:01:28,680 - INFO - Order line added successfully: orderID=38, productID=2, quantity=6
2025-01-08 00:01:52,469 - ERROR - No order found in session in get_cart
2025-01-08 10:33:00,122 - ERROR -  A critical error has occurred in  create_connection(): 2005 (HY000): Unknown MySQL server host 'mysql.atd.avans.nl' (11001) 
2025-01-08 10:33:09,697 - ERROR -  A critical error has occurred in  create_connection(): 2005 (HY000): Unknown MySQL server host 'mysql.atd.avans.nl' (11001) 
2025-01-08 10:34:24,762 - ERROR - No order found in session in get_cart
2025-01-08 10:34:37,331 - WARNING - No order found in session
2025-01-08 10:34:37,850 - INFO - Order created successfully: OrderID=39, CustomerID=2
2025-01-08 10:34:46,591 - WARNING - No items found in cart for OrderID: 39
2025-01-08 10:36:10,999 - WARNING - No items found in cart for OrderID: 39
2025-01-08 10:36:27,419 - INFO - Adding order line: orderID=39, productID=2, quantity=20
2025-01-08 10:36:27,986 - INFO - Order line added successfully: orderID=39, productID=2, quantity=20
2025-01-08 10:37:08,835 - ERROR - No order found in session in get_cart
2025-01-08 10:41:56,006 - WARNING - No order found in session
2025-01-08 10:41:56,480 - INFO - Order created successfully: OrderID=40, CustomerID=1
2025-01-08 11:17:53,120 - INFO - Adding order line: orderID=40, productID=1, quantity=50
2025-01-08 11:17:53,388 - INFO - Order line added successfully: orderID=40, productID=1, quantity=50
2025-01-08 11:20:15,882 - INFO - Adding order line: orderID=40, productID=1, quantity=449
2025-01-08 11:20:16,040 - WARNING - Updating quantity to stock limit for productID: 1
2025-01-08 11:20:16,122 - INFO - Order line updated successfully for orderID: 40, productID: 1
2025-01-08 11:21:06,440 - ERROR - No order found in session in get_cart
2025-01-08 11:56:41,600 - INFO - Adding order line: orderID=None, productID=2, quantity=20
2025-01-08 11:56:41,839 - ERROR - Missing required fields in add_order_line
2025-01-08 11:56:56,990 - WARNING - No order found in session
2025-01-08 11:56:57,550 - INFO - Order created successfully: OrderID=41, CustomerID=2
2025-01-08 11:57:01,924 - WARNING - No items found in cart for OrderID: 41
2025-01-08 11:57:07,828 - INFO - Adding order line: orderID=41, productID=2, quantity=20
2025-01-08 11:57:08,063 - INFO - Order line added successfully: orderID=41, productID=2, quantity=20
2025-01-08 12:37:24,860 - INFO - Adding order line: orderID=41, productID=2, quantity=20
2025-01-08 12:37:24,922 - INFO - Order line updated successfully for orderID: 41, productID: 2
